Event ...
00 29 01 00 42 5a 68 31 31 41
59 26 53 59 b0 61 dc c1 00 09
62 7f ff ff ff ff ff ff ff ff
ff ff ff ff ff ff ff ff ff ff
ff ff ff ff 7f ff ff ff ff ff
ff ff ff ff ff e0 11 5b e8 1c
00 03 a8 3e 85 7b e2 81 63 a0
67 d2 78 33 4c 03 20 19 a8 00
da 00 ac d8 17 dc 08 92 29 ed
26 15 3f 02 64 c9 a3 4d 0a 63
09 a9 bd 4c 93 ca 31 0f 53 6a
3d 1a 4d 36 51 ea 7a 35 0c 20
f5 0d 1f a9 a0 f4 9a 9b 53 d9
46 51 ea 7b 42 8f 4c 34 4d 4d
1e 26 4f 24 c4 da 9a 7a 9a 9e
4c a7 a9 e9 93 46 69 a1 4f d5
3f 51 9a a7 b4 69 4f 26 14 f0
93 4f 29 b2 65 3d 30 44 2a a9
fe 09 a3 46 20 09 a6 53 09 94
fd 46 a9 e2 9b 28 34 0d 1e a6
80 03 d4 d3 40 7a 9a 3d 40 f5
3d 4f 50 7a 83 4d 3d 47 a8 f5
31 a9 e8 9a 34 d0 7a 81 b4 9a
0d 34 68 00 00 68 68 1a 07 a4
d0 68 1a 00 1a 00 00 00 01 a0
d1 04 44 d2 9f a9 e8 21 94 d3
53 d4 fd 28 0d 34 1e 48 64 7a
83 40 00 00 7a 80 00 03 4d 01
a1 a0 03 40 01 a0 00 00 06 81
ea 00 68 03 40 68 68 01 93 4d
3d 40 00 d0 00 04 9e a9 55 09
21 90 04 c0 13 00 09 93 4c 02
69 88 30 00 02 60 09 93 00 00
23 26 13 04 68 d3 13 26 98 23
00 4c 02 60 01 0c 00 00 00 26
4c 26 02 68 32 1a 64 61 10 13
d4 c3 49 e8 4c 41 e8 4f 41 3d
4d 0d a2 69 93 4c 99 a9 80 09
a7 a9 93 26 99 a8 c0 34 4d 3c
93 68 26 00 02 60 6a 30 d3 4d
47 ea 68 13 4c 68 4c 47 a9 a0
62 31 36 90 c3 42 1a 64 c3 4d
23 03 46 86 80 08 60 12 25 34
43 53 4d 32 93 23 6a 64 d3 35
34 d0 da 81 a0 da 8d 0d 01 a1
a6 80 d0 00 00 32 03 40 00 34
00 0d 00 00 c8 00 00 00 00 00
00 0d 00 d1 a1 a0 1a 68 00 0d
09 7c 7f d6 3b ca ba 76 a5 09
2a 9d 25 92 b0 ac c2 ed 8b b1
c3 33 48 28 b0 ea a3 69 f9 c5
81 eb 8f 10 d0 2b eb 10 b7 57
a9 b5 9d 66 e0 4a ad f5 d7 2d
dc 12 6c 9a e2 52 56 67 71 38
86 87 87 65 d5 62 55 a2 04 bb
44 aa b4 19 57 2c 40 55 a4 89
5f 92 d0 28 85 52 4b 05 65 56
02 8a e1 9e 09 a9 82 0a ac 4d
46 be 0e 56 a1 a5 68 15 ca aa
ab 97 7b 41 52 ec b6 2e 55 98
3c ba ba a9 75 5b 2d 02 85 42
c9 0d 34 73 5a ab b8 76 55 cf
33 11 0b ad 47 2b 38 52 cc b3
83 44 43 8c 0d de a0 bd 8d 2f
63 6c 30 94 55 83 83 57 d4 46
03 02 d8 e0 b0 8b 66 81 11 24
1a 82 b6 a5 f4 d7 26 e2 ad 4a
58 cb c3 b3 ec ee 71 38 5a 5e
1a ed b3 b3 a4 37 f8 e4 c2 d8
30 bd f3 88 c5 43 d6 63 2d 32
5e 81 68 ec 01 44 3b a3 5d a0
a8 b8 e6 c8 d1 1a 61 4a 18 6a
10 66 2a b8 1d 73 30 20 0a 32
aa a9 49 6c c1 5c 55 62 01 03
c4 d2 d2 49 69 79 5b 80 d5 02
ee eb f3 bc e9 b1 b3 7e af 7f
a2 2c 55 d5 27 cf 0d 51 d1 29
27 d0 1c 0b ac 4a 2c 30 6b 11
50 0b 4b 4d 4c 60 08 72 20 64
bb 48 ad f4 2a 38 12 77 04 c0
5b 69 d5 0c 56 83 36 4a cf 2c
1f 7f 03 ac eb b3 59 7c ad ff
a9 ee fd 1a e7 f4 3b 2f 71 94
83 c6 9a 40 8e e0 76 01 b8 96
98 71 f4 02 0a 55 dd ae 37 09
aa a8 c4 c8 72 24 da 01 60 2b
2a b6 4e c5 8c 86 43 5b 18 07
bc 08 e1 50 a1 42 40 36 42 40
2e 7f c7 d8 a5 da 3c bb 88 0b
c1 90 83 06 c4 37 ee 2e 57 5e
9e c2 17 cb 01 64 ab bf c1 8b
13 15 45 19 c6 f1 9e 48 3e 08
17 94 02 75 76 c6 28 5f 78 0b
02 57 96 81 10 0e 9a 4e 87 5e
7b 71 5a 0c b5 8a 1f 7d 87 c2
4e 18 38 e3 b6 83 c0 97 5f d4
43 8d 94 b3 ae 89 80 84 f6 e9
60 72 1a 71 6e 9c 29 28 de 22
30 11 f8 ce ba 55 0b 25 15 67
77 6d f5 34 51 32 8e 72 21 a6
a4 99 62 d7 19 4e 93 31 45 b4
c4 fc 0c 33 1c 6c 5d 1d 0f bf
30 8d 72 11 5d a2 1b cb c9 ac
33 6b 3c 76 00 c5 eb 9c 5c 44
9f 7a e0 2c 96 32 90 57 23 68
7b 70 1e 66 8f 14 f0 10 cd 79
02 31 f1 a3 be 85 c3 24 17 c8
61 05 6e ad 90 16 09 ef 67 09
85 a7 11 b6 af a4 43 d3 8a ef
21 c7 11 92 4f 5d b6 59 5e 1d
b0 85 cc cd ad 89 8e 45 3a ca
4c 61 0a ef 5e 7a 50 c1 4d 45
7c 07 c2 b4 a5 81 2d bd fb c3
0d 7e 5f 02 34 cb 5e d0 5e c1
6a 12 af 2e 0a f4 cb 41 f6 a0
46 0c cb 40 ba 84 42 c5 b3 4b
66 55 70 a7 0a e6 2b 72 b7 4e
61 19 9a 30 56 28 59 23 0e 34
54 02 b1 79 50 cf a1 99 cd b9
9a 49 67 e6 92 9a 86 e3 e2 a8
7c 25 a3 c2 02 57 57 c7 5d 25
2b 3b 61 1b 30 9a 24 81 b9 22
a6 a8 d8 81 2a 03 b8 67 b5 ce
34 88 57 0e 1e 80 ee 33 47 26
69 33 d4 f2 2b 4b 12 f2 3f e4
db 67 62 70 f0 f3 62 ad 9c 1d
87 3a 92 51 cf ec 72 41 a0 d6
62 57 82 b7 53 9d bf e8 5b 74
f5 05 cd 12 c5 9a 90 ac 9c 1c
f9 a0 ac d6 22 66 4b 33 56 97
a2 36 cf eb 4b a3 a9 3a be 0c
59 c5 b0 ea 8b 1e 98 78 fd 1b
a5 3d 96 2e 1e 8a 85 52 d0 9c
f1 34 d6 02 d2 4c 1a d0 d0 b0
3c 2c 67 99 87 ab d2 b7 9a 1d
d2 ba b0 c6 ca 8e 78 ca c3 34
a5 8f 38 8e 6d 02 3a b5 d4 bd
5a 72 f5 07 ea 09 fc 67 75 95
64 27 3a 87 9e 0f 56 75 a8 28
2b 4c 3e bf 1d d2 ce 10 41 27
85 1e be 8c 47 fb 2f 32 82 b4
fe 07 63 a7 51 05 17 95 a4 d4
3b e4 6a 5d 0c 8e 55 76 d9 b8
24 b9 95 2a d4 dd 21 1a bd 59
f7 7b 73 e7 cd 76 ed 07 2b 80
d2 dd 65 c7 2a 4d ae 25 df ee
33 2e e5 e7 6b ba 4e ca b9 b6
b9 5d 49 02 f9 92 57 ab 8b df
c6 df e1 39 36 26 cc f3 9e fc
63 97 e8 58 f6 ff 9f 3b 18 ce
0b 9b bb 3d 2b 8b 53 8d 1c f5
7c db 83 fd 4b 7d 5d a0 d9 c5
74 32 a8 af 74 0a 5a e7 dd 69
5b 6a 3a 55 21 28 6f 3a b9 ca
20 40 2d 48 62 02 00 66 33 83
42 02 10 80 44 06 ef 7e 64 4e
de 01 25 cd d0 48 11 bb 30 64
45 dc f9 ae e5 09 83 4e 61 5a
3e 1a 5d 6a f6 35 75 fd 9f c6
32 d0 3a 23 16 b1 48 43 f5 b2
b4 b3 25 62 5d 7b dd cb a1 19
5e 89 d3 78 8c 57 50 da 3e 2f
a6 6e 94 74 97 20 a7 9e 3c 71
99 82 6b 65 71 7f ab 09 f5 75
b3 9c f2 6f f4 94 72 bf 61 45
18 b7 f6 74 cf f7 aa a7 94 cf
17 a1 49 c2 40 46 8a 5e 77 e7
2c 9d 22 82 27 a5 2a c1 08 0b
7f e6 28 18 d9 c8 02 06 4a 0e
2c 73 88 30 8a 57 8e 85 f4 3f
37 3a 80 d8 37 42 78 61 88 04
c9 7f 24 77 5c d0 b0 23 8e f8
06 07 a2 92 9c 2d 3f 2d 86 4b
c5 e4 8c fe 06 ff 83 0c e0 f9
7f 69 45 85 2f 11 00 00 95 0c
02 10 42 78 14 16 90 94 f2 d9
92 91 1c 78 7e 2b b6 e3 ad 5b
ab 8c fb 27 3b 23 7f 8f 8d 3b
78 d9 b2 bf bf eb 71 99 38 65
9f 3a 79 5b 8a b9 72 f8 91 b1
d7 c8 08 36 95 3b 88 d0 66 b8
5c 3b fb b5 57 9b 2d c9 d2 db
06 ec 27 0c 1b e9 33 3e cd ab
c2 2c 5d e4 04 b1 b2 28 d4 29
30 9b 0f 17 01 f8 f8 1c 7a 8f
68 d2 65 c9 c2 65 bc bd ec ba
22 5a c5 19 ac d9 43 9a 48 f6
3d db 65 b7 50 19 28 96 eb 7a
5c 79 58 38 e7 72 7e 23 ca ac
76 7f 03 27 fd f6 bd b8 87 40
e5 e0 c8 cd 1c 47 49 15 c9 6c
d5 89 47 b5 c3 5a c0 c0 e5 86
26 28 43 02 b6 a8 f4 1e 76 c1
24 40 40 18 32 3b 99 30 ed 37
bb c8 f2 89 4b f7 1b 2b c6 99
3b 08 9d b1 25 ea 31 ff 1f 0e
c2 e6 43 a5 65 e4 d3 e4 4a 00
08 03 e5 18 04 21 86 98 18 35
55 47 f7 93 44 61 65 67 99 2d
d8 92 4e 9d 8b ce 5e 3e fb 6d
63 c7 e0 46 29 ef 37 1f 63 33
91 28 f6 fb fe a3 0d 9a a1 a6
1f 8c 10 98 c6 db 63 86 9a 69
b2 22 02 3b a8 8d cc 72 be 0d
e0 f0 75 51 ae a2 67 76 e6 4e
93 28 a2 4e 95 d2 a2 ae 5b ba
e2 8a 77 5c 42 24 44 50 a6 1a
68 a6 31 af 46 08 69 8c 4d 8a
68 20 4d b0 f2 61 41 36 91 3e
47 09 77 95 cb 55 ac 56 88 2b
97 46 f8 af 21 fe 6f 1f e2 bc
61 53 c6 75 88 9e 2e f0 5e 0e
ae 49 63 60 d8 a8 db 04 24 bb
3a e5 cd 70 89 96 b9 68 a3 6e
9b 1b 97 37 77 62 b7 48 1d dc
ba 6e 62 27 92 f8 3c 1e 15 5c
db c2 b9 71 e7 0e c2 83 25 a0
c8 22 c6 24 94 c8 c1 15 e1 eb
91 78 ef 44 ff 47 8b c5 e2 b7
8e 98 db 95 cd 71 dd a1 83 6d
c3 0a 1a 26 0b e4 43 6f 0d 04
14 d7 c8 7d f8 7c 57 57 b5 64
31 f8 df 9b f2 d4 2c 17 0f e3
f1 a4 bc 33 7d f6 47 20 e7 58
ea 44 7d 23 35 e2 48 23 f0 5c
f5 74 12 70 7e 88 bb 5e 30 d9
9a 47 8b 72 6e 33 23 59 d9 39
25 b7 4d 5a 92 05 36 89 a7 58
9f 99 d9 26 59 2b 54 d1 9a 85
53 d7 28 8b 53 34 a7 20 76 0c
13 b7 f5 fe a8 84 89 b1 bf 48
50 10 00 5e 8c 02 17 2f df b0
05 7e ec c5 27 62 19 fb d6 74
59 71 b1 90 a8 b2 39 59 82 41
e6 2d 7c 4c 8a ab 49 2c 15 bb
75 58 4a 9e a0 e7 78 9d fb 9d
4a e8 7d 74 1b f3 07 c9 94 36
0b 34 da a2 76 48 22 64 b8 39
af 99 6c 7e 83 09 51 67 d1 a0
04 1e 42 04 68 d0 0a aa 05 d9
77 f8 8a a4 fd 57 e0 3f 35 97
53 96 ef 46 44 df 76 21 76 84
85 69 f6 fa 67 10 8f e7 bf 13
10 0b ba 30 00 a2 76 a8 21 21
31 81 7c 47 86 83 cc 61 c5 49
b1 0a 9b 65 cb ba fe 94 f9 fa
6d cd b3 d0 47 20 db ef 4d 2f
c7 cd c9 a7 dd cd ee 20 f7 57
d2 3d aa a9 a7 bd e2 53 4a 33
d4 e0 70 25 20 34 f7 f8 f0 4d
4b 6b c4 00 01 47 f0 87 30 26
79 72 31 65 f2 1b 90 c2 64 fb
ca d2 40 e4 e7 90 53 4b 05 d3
c1 a7 40 02 01 70 c6 42 08 5e
02 50 29 ce a6 6d a2 50 1e 59
fe 19 cf 7f 24 b5 b4 b7 ed cd
9d cd e5 18 01 00 9c 01 c3 85
ba 4f 15 35 d9 57 ea ec 2f 73
33 59 42 c3 54 40 a5 90 5b b6
a3 f2 f3 9c 40 00 02 55 12 20
44 09 7a 65 6b df 5d 4a d7 95
a0 8a 87 c8 1e 67 45 67 31 57
05 f2 da 4f 67 57 1e f1 ee 42
b9 ed 0d 80 08 2c c6 0c 84 89
14 9a 5b 58 3b 7d 2a 08 c8 9d
ec bd d7 e5 c8 2d 36 7e a6 a7
14 f8 00 82 2f 9a ea 72 aa 87
54 fd 16 d8 d9 60 10 02 50 46
1d 0d d8 2c ca d0 e3 39 48 6d
73 d4 52 98 01 08 b0 b4 4b bb
26 27 43 c0 7e f7 55 8e bd a4
63 18 14 d5 80 ca b3 c4 68 5f
cb 3a e7 98 68 0a 96 23 8c f5
e1 24 5e ad 62 f8 be 1a 7c fa
98 04 3a 4f 72 ea 46 11 cb a6
84 05 7a 85 1b 3d b6 22 f3 62
ee 73 14 a0 96 b0 e6 dd 02 64
7f ee fc 1f 71 e0 39 ce 7e 02
0b ef 6d 7e 23 98 f5 74 40 9a
29 4d c4 2c 7f 0d 5f 6b f6 39
38 01 2c 58 29 c0 e4 a8 c6 e4
ea 88 2c d6 ad 77 8f 9c cd b4
8a 28 ce 2a 5e a7 fa 9a 45 66
01 50 a9 41 79 25 97 69 4a 44
04 31 19 29 a1 22 82 51 e7 73
58 39 84 a5 45 f0 7e 04 bb 16
91 9b 68 2e 98 76 be 5f f6 c0
02 30 03 53 0a c2 20 3a 0e 7d
d4 04 aa 76 f6 46 86 08 d4 a3
95 40 1d df 30 b4 00 23 61 91
36 d4 a5 15 47 6e 30 82 d3 33
da 20 20 80 5b f4 6f 92 15 15
78 e5 0c f0 ea f2 19 e3 ef 06
ab c4 a8 bc 4d 70 c5 cd 74 0d
8a a2 b2 56 31 57 2b 9a e5 cd
8b 51 5c ce 75 cb 68 ab 95 72
b7 36 d1 b6 35 93 45 b4 6b 15
15 b1 ab 9b 96 c6 b7 36 35 ca
b9 b6 77 1a b1 58 c6 d4 63 73
96 b9 cd 88 68 6d 04 34 da 09
25 55 53 49 34 d4 51 42 86 d8
9b 48 63 04 43 05 0d 24 43 00
1b 14 34 a4 91 2a 0a 24 4e 3a
06 1c 45 41 54 2b 58 70 24 42
00 58 0c 43 a0 12 57 85 86 ea
89 20 08 91 34 db 4a 71 b4 44
91 a5 f6 70 ae 15 6c d5 41 5e
ba a0 b1 9a a8 50 89 d2 c7 36
ed 9a 1b 13 19 11 09 b4 da 1b
1b 07 10 94 31 b0 97 6c b9 8a
04 52 5c 54 a8 9b 12 aa e1 a8
60 36 23 6e 26 c6 36 23 5d 2c
6b 9a 28 db 96 35 1b 9b 63 6e
5c 8b 05 a3 54 15 77 76 8d 22
57 2e 63 5b bb b5 18 c6 c5 8b
9b 81 46 a4 b7 36 b8 57 77 6d
17 77 5c bb 9b b6 03 63 58 bb
b2 ed ae 6a 48 db 96 b9 40 ee
ae 67 94 f9 1d e3 b6 f0 ef 08
bc 5d d3 bb 77 3b 30 d3 bb 6b
8e 3a 35 71 71 da 27 75 41 6c
41 a0 d8 d1 b9 b1 3b aa b9 cd
ce 51 cd 5e 43 c2 f0 f8 60 a5
6a 94 95 50 b0 21 01 0e 57 4e
04 a6 ae 5d 1d fa e9 74 b2 63
ad 7f 95 29 86 24 71 9b 50 06
59 bd f4 b4 4a 08 c8 35 b0 28
8f 4d 67 40 1d 89 e4 10 00 83
c2 4a 0a d0 54 50 11 bc 17 83
c7 f9 47 87 78 77 ad 79 87 b4
d1 44 57 a0 2b 98 20 35 46 c5
05 14 16 8b 22 6b fd bf da eb
c0 b7 f4 9c b4 11 af 13 9a 8b
18 a2 d0 94 51 b7 2e 5a 23 15
a2 4b 05 a3 45 15 3b 8b 96 89
31 5a ee ba 8d 6e 5b 9b 32 48
da c5 73 5c 39 b1 ac 6e 51 57
36 e1 dd 71 49 99 8d 18 b5 42
47 89 ae 48 46 4a 88 29 35 41
92 d9 80 b5 dd ae 43 70 2c c8
51 bf 99 35 c2 47 c1 80 ca 15
fe 13 4f 37 df 8b e4 c5 bb 36
9a 01 b1 36 36 da 1d ab 6e 8e
63 1d 38 40 c2 f6 e1 a0 6e d6
5e 15 2e b6 99 72 8b fb 4b 3b
d3 9d d4 b0 d3 8b 04 a4 3a 3b
a0 94 78 74 0e a0 40 34 70 08
0a 02 8a b0 15 86 02 47 1e c2
77 fe 6b 84 52 a2 ee ae 0f fd
9c ac ad b0 a0 90 08 98 2a c8
a9 77 21 12 25 a1 5a 91 32 ab
45 e6 26 70 81 4e 9d bb b5 e5
27 ee b3 b8 c7 57 85 10 32 7e
0d f1 03 31 7e 58 44 01 70 58
0a 79 c1 a5 c6 90 86 41 c9 cc
42 44 2e af 2d b3 00 46 97 c6
71 9b a9 d9 d1 46 07 ab f5 9a
8d 3e a5 b0 00 02 c9 8a 75 86
0c 85 43 22 a4 df fc 94 c6 0e
3b cf 83 20 48 d2 d0 e1 ea 2f
81 6e fe c0 5a 64 5f 6b 50 9a
de a8 f4 61 0e 80 f0 ca 3e f1
a2 99 dd 21 40 2d 9a d6 80 47
33 50 10 04 02 a5 2b 08 44 94
0e 95 cd c7 25 60 0a 8a c9 05
b4 df d1 14 9b 37 a7 56 75 41
93 90 2f f8 fd 2c bc da 40 24
12 71 e8 9b da 10 14 50 47 40
41 1c 93 34 08 a8 74 74 20 6b
bb 88 75 44 08 02 27 0a 03 5f
43 a4 cb 0a 24 e3 0d 9e ae 8e
f4 7a 50 46 76 33 0e e2 2b 3b
5b 7d 7d ff 17 9f 04 16 c4 30
c4 38 7e b7 cb c0 6c a0 fc ef
c4 ee 34 e4 58 b2 73 d7 e2 15
d2 06 a4 9d b2 81 bd 33 19 98
51 1c 67 d4 04 8f aa c9 6f b6
d4 0e c2 37 79 3c 89 4f 02 e3
23 f4 ba 0b 27 04 a3 5f 3e e3
e9 42 1e 99 a6 2e 40 b8 b6 a8
80 08 20 b8 77 a3 92 a8 fc 4f
bb d9 93 f3 35 ea 2c 61 1d f4
3a 38 7b c6 11 0a 14 eb bb c8
dd 2c e8 e0 41 23 77 11 16 4b
89 cc 41 05 83 75 e1 f1 bc 5f
59 79 e3 18 90 60 b4 12 83 c7
5e 37 97 7a 87 82 ab d3 3d 63
02 5f a7 9e 7a f8 79 12 94 ad
b2 8c 0b 76 36 db 69 b6 c6 c6
d3 63 11 46 80 48 a0 22 68 99
19 31 13 01 92 82 40 2c 94 22
24 44 81 92 21 21 89 1b cf fa
e9 24 84 32 49 41 09 94 62 21
8b 72 ba 68 66 31 49 a4 d1 88
4a 24 44 8c 04 48 61 3c 1d 75
18 0b 49 a8 43 11 b0 16 4a 0d
26 22 44 28 82 52 a3 1c e2 46
33 35 20 68 8c 59 14 62 62 91
81 ab dc 43 78 c6 60 b6 43 2d
56 97 2b 55 e5 a3 7d 12 bf 3b
3f 75 4a 8a ff ea 51 35 8b 2d
b4 9a 69 0d 04 b3 66 4b 44 61
31 e5 4e 08 99 0a 14 2a 2a 85
55 0a 80 b3 2a 8e 3d d2 f3 93
9b 27 06 65 51 1a 1d 1d c3 e3
bb d6 89 14 a5 35 54 bf 0d 84
c9 4c bc ac 25 22 1b 73 10 1b
89 c3 8a 22 b5 cb c3 d8 5d c2
b0 54 55 50 ac 70 d0 a1 a6 d0
e2 8b 0a df 05 35 6a c5 a9 ad
f0 38 a9 aa df ca d6 36 fb 8b
86 da 01 8c db 05 a8 b5 46 b4
58 2c 6b 1a 4b 6f 27 6d 72 4c
ee d6 ba 6e ee e6 35 ca 77 45
b9 55 cb 74 b4 97 2d b9 dd c6
b9 b9 1a 97 75 6e 94 cc 6a 2d
21 26 a3 5d 35 74 d4 45 14 4c
d5 16 b9 ae 1a 88 d1 72 d8 dc
aa e6 e5 b9 46 a3 5c d6 e6 d8
d5 73 5b 98 0c f5 82 86 0b da
cf 20 9a da f5 6a 22 e7 0b c2
e2 27 2e 5d cd 29 52 c0 1b 56
22 12 44 c7 32 b7 ca 30 34 4f
d8 42 7e 2b 67 09 1d a9 a5 9f
b6 da 18 72 64 8c 62 90 40 2d
ab 6b 2c ed 02 00 c5 29 9c 10
3f 9c 31 17 e6 9e dd 7e d4 34
b8 77 75 18 72 51 21 52 aa 1a
93 41 4b f2 bb 35 ad 2b 5d d1
01 c8 07 de 48 88 d4 e6 83 53
8b e2 a8 32 d2 ef 3b 57 16 71
b0 e2 1d 2a 7a 47 18 49 df 66
ad ac c2 9a fb 04 08 22 bd 34
d2 23 72 40 ba c2 1c 1d b4 f6
1c 40 de ad a7 5b 2e de 91 1b
6c 01 a9 3a 43 6f a3 4e 8e ba
8a 94 0a 81 2b 46 6a f0 1f a1
11 29 92 9a 49 95 46 bf 50 e1
f0 7b 04 73 3f fc 5d c9 14 e1
42 42 c1 87 73 04 
----------
